


ARM Macro Assembler    Page 1 


    1 00000000                 AREA             RESET, DATA, READONLY
    2 00000000                 EXPORT           __Vectors
    3 00000000         
    4 00000000         __Vectors
    5 00000000 10001000        DCD              0x10001000  ; STACK POINTER VAL
                                                            UE WHEN STACK IS EM
                                                            PTY
    6 00000004 00000000        DCD              Reset_Handler ; RESET VECTOR
    7 00000008         
    8 00000008                 ALIGN
    9 00000008                 AREA             mycode, CODE, READONLY
   10 00000000         ENTRY
   11 00000000                 EXPORT           Reset_Handler
   12 00000000         
   13 00000000         Reset_Handler
   14 00000000 F04F 0001       LDR              R0,=0x1
   15 00000004 490D            LDR              R1,=N1
   16 00000006 4A0E            LDR              R2,=N2
   17 00000008 4F0E            LDR              R7,=LCM
   18 0000000A 6809            LDR              R1,[R1]
   19 0000000C 6812            LDR              R2,[R2]
   20 0000000E         
   21 0000000E FB01 F100 
                       BACK    MUL              R1,R0
   22 00000012 460D            MOV              R5,R1
   23 00000014 4295    LOOP    CMP              R5,R2
   24 00000016 D302            BLO              EXIT1
   25 00000018 EBA5 0502       SUB              R5,R2
   26 0000001C D2FA            BHS              LOOP
   27 0000001E 462E    EXIT1   MOV              R6,R5
   28 00000020 2E00            CMP              R6,#0x0
   29 00000022 D002            BEQ              EXIT2
   30 00000024 F100 0001       ADD              R0,#0x1
   31 00000028 D1F1            BNE              BACK
   32 0000002A 6039    EXIT2   STR              R1,[R7]
   33 0000002C E7FE    STOP    B                STOP
   34 0000002E 00 00 00000005 
                       N1      DCD              0x5
   35 00000034 00000002 
                       N2      DCD              0x2
   36 00000038 00000000 
                       REM     DCD              0x0
   37 0000003C         
   38 0000003C 00000000 
              00000000 
              00000000         AREA             DATASEG, DATA, READWRITE
   39 00000000 00000000 
                       LCM     DCD              0           ;DST location in Da
                                                            ta segment
   40 00000004                 END
Command Line: --debug --xref --cpu=Cortex-M3 --apcs=interwork --depend=LAB3QQ.d
 -oLAB3QQ.o -IC:\Keil\ARM\RV31\INC -IC:\Keil\ARM\CMSIS\Include -IC:\Keil\ARM\In
c\NXP\LPC17xx --predefine="__EVAL SETA 1" --list=LAB3QQ.lst LAB3QQ.asm



ARM Macro Assembler    Page 1 Alphabetic symbol ordering
Relocatable symbols

RESET 00000000

Symbol: RESET
   Definitions
      At line 1 in file LAB3QQ.asm
   Uses
      None
Comment: RESET unused
__Vectors 00000000

Symbol: __Vectors
   Definitions
      At line 4 in file LAB3QQ.asm
   Uses
      At line 2 in file LAB3QQ.asm
Comment: __Vectors used once
2 symbols



ARM Macro Assembler    Page 1 Alphabetic symbol ordering
Relocatable symbols

BACK 0000000E

Symbol: BACK
   Definitions
      At line 21 in file LAB3QQ.asm
   Uses
      At line 31 in file LAB3QQ.asm
Comment: BACK used once
ENTRY 00000000

Symbol: ENTRY
   Definitions
      At line 10 in file LAB3QQ.asm
   Uses
      None
Comment: ENTRY unused
EXIT1 0000001E

Symbol: EXIT1
   Definitions
      At line 27 in file LAB3QQ.asm
   Uses
      At line 24 in file LAB3QQ.asm
Comment: EXIT1 used once
EXIT2 0000002A

Symbol: EXIT2
   Definitions
      At line 32 in file LAB3QQ.asm
   Uses
      At line 29 in file LAB3QQ.asm
Comment: EXIT2 used once
LOOP 00000014

Symbol: LOOP
   Definitions
      At line 23 in file LAB3QQ.asm
   Uses
      At line 26 in file LAB3QQ.asm
Comment: LOOP used once
N1 00000030

Symbol: N1
   Definitions
      At line 34 in file LAB3QQ.asm
   Uses
      At line 15 in file LAB3QQ.asm
Comment: N1 used once
N2 00000034

Symbol: N2
   Definitions
      At line 35 in file LAB3QQ.asm
   Uses
      At line 16 in file LAB3QQ.asm
Comment: N2 used once
REM 00000038

Symbol: REM



ARM Macro Assembler    Page 2 Alphabetic symbol ordering
Relocatable symbols

   Definitions
      At line 36 in file LAB3QQ.asm
   Uses
      None
Comment: REM unused
Reset_Handler 00000000

Symbol: Reset_Handler
   Definitions
      At line 13 in file LAB3QQ.asm
   Uses
      At line 6 in file LAB3QQ.asm
      At line 11 in file LAB3QQ.asm

STOP 0000002C

Symbol: STOP
   Definitions
      At line 33 in file LAB3QQ.asm
   Uses
      At line 33 in file LAB3QQ.asm
Comment: STOP used once
mycode 00000000

Symbol: mycode
   Definitions
      At line 9 in file LAB3QQ.asm
   Uses
      None
Comment: mycode unused
11 symbols



ARM Macro Assembler    Page 1 Alphabetic symbol ordering
Relocatable symbols

DATASEG 00000000

Symbol: DATASEG
   Definitions
      At line 38 in file LAB3QQ.asm
   Uses
      None
Comment: DATASEG unused
LCM 00000000

Symbol: LCM
   Definitions
      At line 39 in file LAB3QQ.asm
   Uses
      At line 17 in file LAB3QQ.asm
Comment: LCM used once
2 symbols
348 symbols in table
