


ARM Macro Assembler    Page 1 


    1 00000000                 AREA             RESET, DATA, READONLY
    2 00000000                 EXPORT           __Vectors
    3 00000000         
    4 00000000         __Vectors
    5 00000000 10001000        DCD              0x10001000  ; STACK POINTER VAL
                                                            UE WHEN STACK IS EM
                                                            PTY
    6 00000004 00000000        DCD              Reset_Handler ; RESET VECTOR
    7 00000008         
    8 00000008                 ALIGN
    9 00000008                 AREA             mycode, CODE, READONLY
   10 00000000         ENTRY
   11 00000000                 EXPORT           Reset_Handler
   12 00000000         
   13 00000000         Reset_Handler
   14 00000000         
   15 00000000 F04F 040A       MOV              R4,#10
   16 00000004 F04F 0500       MOV              R5,#0
   17 00000008 F04F 0600       MOV              R6,#0
   18 0000000C 4A11            LDR              R2,=SRC
   19 0000000E F8DF 9048       LDR              R9,=RES
   20 00000012         
   21 00000012         BACK
   22 00000012 F852 1B04       LDR              R1,[R2],#4
   23 00000016 186D            ADDS             R5,R1
   24 00000018 F146 0600       ADC              R6, #0
   25 0000001C 3C01            SUBS             R4, #1
   26 0000001E D1F8            BNE              BACK
   27 00000020 F849 5B04       STR              R5,[R9], #4
   28 00000024 F8C9 6000       STR              R6,[R9]
   29 00000028         
   30 00000028         STOP
   31 00000028 E7FE            B                STOP
   32 0000002A         
   33 0000002A 00 00 FFFFFFFF 
              00000004 
              00000006 
              00000008 
              00000010 
              FFFFFFFF 
              00000014 
              00000016 
              00000018 
              00000020 SRC     DCD              0xFFFFFFFF,0x4,0x6,0x8,0x10,0xF
FFFFFFF,0x14,0x16,0x18,0x20
   34 00000054 00000000 
              00000000         AREA             DATASEG, DATA, READWRITE
   35 00000000 00000000 
              00000000 RES     DCD              0,0         ;DST location in Da
                                                            ta segment
   36 00000008                 END
Command Line: --debug --xref --cpu=Cortex-M3 --apcs=interwork --depend=lab3_q1.
d -olab3_q1.o -IC:\Keil\ARM\RV31\INC -IC:\Keil\ARM\CMSIS\Include -IC:\Keil\ARM\
Inc\NXP\LPC17xx --predefine="__EVAL SETA 1" --list=lab3_q1.lst lab3_q1.asm



ARM Macro Assembler    Page 1 Alphabetic symbol ordering
Relocatable symbols

RESET 00000000

Symbol: RESET
   Definitions
      At line 1 in file lab3_q1.asm
   Uses
      None
Comment: RESET unused
__Vectors 00000000

Symbol: __Vectors
   Definitions
      At line 4 in file lab3_q1.asm
   Uses
      At line 2 in file lab3_q1.asm
Comment: __Vectors used once
2 symbols



ARM Macro Assembler    Page 1 Alphabetic symbol ordering
Relocatable symbols

BACK 00000012

Symbol: BACK
   Definitions
      At line 21 in file lab3_q1.asm
   Uses
      At line 26 in file lab3_q1.asm
Comment: BACK used once
ENTRY 00000000

Symbol: ENTRY
   Definitions
      At line 10 in file lab3_q1.asm
   Uses
      None
Comment: ENTRY unused
Reset_Handler 00000000

Symbol: Reset_Handler
   Definitions
      At line 13 in file lab3_q1.asm
   Uses
      At line 6 in file lab3_q1.asm
      At line 11 in file lab3_q1.asm

SRC 0000002C

Symbol: SRC
   Definitions
      At line 33 in file lab3_q1.asm
   Uses
      At line 18 in file lab3_q1.asm
Comment: SRC used once
STOP 00000028

Symbol: STOP
   Definitions
      At line 30 in file lab3_q1.asm
   Uses
      At line 31 in file lab3_q1.asm
Comment: STOP used once
mycode 00000000

Symbol: mycode
   Definitions
      At line 9 in file lab3_q1.asm
   Uses
      None
Comment: mycode unused
6 symbols



ARM Macro Assembler    Page 1 Alphabetic symbol ordering
Relocatable symbols

DATASEG 00000000

Symbol: DATASEG
   Definitions
      At line 34 in file lab3_q1.asm
   Uses
      None
Comment: DATASEG unused
RES 00000000

Symbol: RES
   Definitions
      At line 35 in file lab3_q1.asm
   Uses
      At line 19 in file lab3_q1.asm
Comment: RES used once
2 symbols
343 symbols in table
