


ARM Macro Assembler    Page 1 


    1 00000000                 AREA             RESET, DATA, READONLY
    2 00000000                 EXPORT           __Vectors
    3 00000000         
    4 00000000         __Vectors
    5 00000000 10001000        DCD              0x10001000  ; STACK POINTER VAL
                                                            UE WHEN STACK IS EM
                                                            PTY
    6 00000004 00000000        DCD              Reset_Handler ; RESET VECTOR
    7 00000008         
    8 00000008                 ALIGN
    9 00000008                 AREA             mycode, CODE, READONLY
   10 00000000         ENTRY
   11 00000000                 EXPORT           Reset_Handler
   12 00000000         
   13 00000000         Reset_Handler
   14 00000000 480A            LDR              R0, =src
   15 00000002 6801            LDR              R1,[R0]
   16 00000004 F04F 020A       MOV              R2,#0xA
   17 00000008         BACK
   18 00000008 EBA1 0102       SUB              R1,R2
   19 0000000C F103 0301       ADD              R3,#1
   20 00000010 4291            CMP              R1,R2
   21 00000012 D2F9            BCS              BACK
   22 00000014 EA4F 1303       LSL              R3,#4
   23 00000018 EA41 0903       ORR              R9,R1,R3
   24 0000001C 4C04            LDR              R4,=DST
   25 0000001E F844 9B04       STR              R9,[R4],#4
   26 00000022 00 00 0000004A 
                       src     DCD              0x0000004A
   27 00000028 E7FE    STOP    B                STOP
   28 0000002A 00 00 00000000 
              00000000         AREA             data, DATA, READWRITE
   29 00000000 00000000 
              00000000 
              00000000 
              00000000 
              00000000 
              00000000 
              00000000 
              00000000 
              00000000 DST     DCD              0,0,0,0,0,0,0,0,0
   30 00000024                 END
Command Line: --debug --xref --cpu=Cortex-M3 --apcs=interwork --depend=lab4_q3.
d -olab4_q3.o -IC:\Keil\ARM\RV31\INC -IC:\Keil\ARM\CMSIS\Include -IC:\Keil\ARM\
Inc\NXP\LPC17xx --predefine="__EVAL SETA 1" --list=lab4_q3.lst lab4_q3.asm



ARM Macro Assembler    Page 1 Alphabetic symbol ordering
Relocatable symbols

RESET 00000000

Symbol: RESET
   Definitions
      At line 1 in file lab4_q3.asm
   Uses
      None
Comment: RESET unused
__Vectors 00000000

Symbol: __Vectors
   Definitions
      At line 4 in file lab4_q3.asm
   Uses
      At line 2 in file lab4_q3.asm
Comment: __Vectors used once
2 symbols



ARM Macro Assembler    Page 1 Alphabetic symbol ordering
Relocatable symbols

BACK 00000008

Symbol: BACK
   Definitions
      At line 17 in file lab4_q3.asm
   Uses
      At line 21 in file lab4_q3.asm
Comment: BACK used once
ENTRY 00000000

Symbol: ENTRY
   Definitions
      At line 10 in file lab4_q3.asm
   Uses
      None
Comment: ENTRY unused
Reset_Handler 00000000

Symbol: Reset_Handler
   Definitions
      At line 13 in file lab4_q3.asm
   Uses
      At line 6 in file lab4_q3.asm
      At line 11 in file lab4_q3.asm

STOP 00000028

Symbol: STOP
   Definitions
      At line 27 in file lab4_q3.asm
   Uses
      At line 27 in file lab4_q3.asm
Comment: STOP used once
mycode 00000000

Symbol: mycode
   Definitions
      At line 9 in file lab4_q3.asm
   Uses
      None
Comment: mycode unused
src 00000024

Symbol: src
   Definitions
      At line 26 in file lab4_q3.asm
   Uses
      At line 14 in file lab4_q3.asm
Comment: src used once
6 symbols



ARM Macro Assembler    Page 1 Alphabetic symbol ordering
Relocatable symbols

DST 00000000

Symbol: DST
   Definitions
      At line 29 in file lab4_q3.asm
   Uses
      At line 24 in file lab4_q3.asm
Comment: DST used once
data 00000000

Symbol: data
   Definitions
      At line 28 in file lab4_q3.asm
   Uses
      None
Comment: data unused
2 symbols
343 symbols in table
